<?xml version="1.0" encoding="UTF-8"?>
<testng-results ignored="0" total="1" passed="1" failed="0" skipped="0">
  <reporter-output>
  </reporter-output>
  <suite started-at="2026-02-10T15:28:09 EST" name="Surefire suite" finished-at="2026-02-10T15:28:15 EST" duration-ms="6444">
    <groups>
    </groups>
    <test started-at="2026-02-10T15:28:09 EST" name="Surefire test" finished-at="2026-02-10T15:28:15 EST" duration-ms="6444">
      <class name="tests.LoginTest">
        <test-method is-config="true" signature="setUp()[pri:0, instance:tests.LoginTest@1a052a00]" started-at="2026-02-10T15:28:09 EST" name="setUp" finished-at="2026-02-10T15:28:14 EST" duration-ms="5086" status="PASS">
          <reporter-output>
          </reporter-output>
        </test-method> <!-- setUp -->
        <test-method signature="testValidLogin()[pri:0, instance:tests.LoginTest@1a052a00]" started-at="2026-02-10T15:28:14 EST" name="testValidLogin" finished-at="2026-02-10T15:28:15 EST" duration-ms="1109" status="PASS">
          <reporter-output>
          </reporter-output>
        </test-method> <!-- testValidLogin -->
        <test-method is-config="true" signature="tearDown()[pri:0, instance:tests.LoginTest@1a052a00]" started-at="2026-02-10T15:28:15 EST" name="tearDown" finished-at="2026-02-10T15:28:15 EST" duration-ms="201" status="PASS">
          <reporter-output>
          </reporter-output>
        </test-method> <!-- tearDown -->
      </class> <!-- tests.LoginTest -->
    </test> <!-- Surefire test -->
  </suite> <!-- Surefire suite -->
</testng-results>
