<?xml version="1.0" encoding="UTF-8"?>
<testng-results ignored="0" total="1" passed="1" failed="0" skipped="0">
  <reporter-output>
  </reporter-output>
  <suite started-at="2026-02-05T17:32:17 EST" name="LoginSuite" finished-at="2026-02-05T17:32:23 EST" duration-ms="6010">
    <groups>
    </groups>
    <test started-at="2026-02-05T17:32:17 EST" name="LoginTest" finished-at="2026-02-05T17:32:23 EST" duration-ms="6010">
      <class name="tests.LoginTest">
        <test-method is-config="true" signature="setUp()[pri:0, instance:tests.LoginTest@4c371370]" started-at="2026-02-05T17:32:17 EST" name="setUp" finished-at="2026-02-05T17:32:22 EST" duration-ms="5294" status="PASS">
          <reporter-output>
          </reporter-output>
        </test-method> <!-- setUp -->
        <test-method signature="testValidLogin()[pri:0, instance:tests.LoginTest@4c371370]" started-at="2026-02-05T17:32:22 EST" name="testValidLogin" finished-at="2026-02-05T17:32:23 EST" duration-ms="531" status="PASS">
          <reporter-output>
          </reporter-output>
        </test-method> <!-- testValidLogin -->
        <test-method is-config="true" signature="tearDown()[pri:0, instance:tests.LoginTest@4c371370]" started-at="2026-02-05T17:32:23 EST" name="tearDown" finished-at="2026-02-05T17:32:23 EST" duration-ms="156" status="PASS">
          <reporter-output>
          </reporter-output>
        </test-method> <!-- tearDown -->
      </class> <!-- tests.LoginTest -->
    </test> <!-- LoginTest -->
  </suite> <!-- LoginSuite -->
</testng-results>
